0 info it worked if it ends with ok
1 verbose cli [ 'node',
1 verbose cli   '/home/ubuntu/.nvm/v0.10.35/bin/npm',
1 verbose cli   'install',
1 verbose cli   'mongdb' ]
2 info using npm@3.3.3
3 info using node@v0.10.35
4 silly loadCurrentTree Starting
5 silly install loadCurrentTree
6 silly install readLocalPackageData
7 silly fetchPackageMetaData mongdb
8 silly fetchNamedPackageData mongdb
9 silly mapToRegistry name mongdb
10 silly mapToRegistry using default registry
11 silly mapToRegistry registry https://registry.npmjs.org/
12 silly mapToRegistry uri https://registry.npmjs.org/mongdb
13 verbose request uri https://registry.npmjs.org/mongdb
14 verbose request no auth needed
15 info attempt registry request try #1 at 17:25:14
16 verbose request id e78e27f5fc523c95
17 http request GET https://registry.npmjs.org/mongdb
18 http 404 https://registry.npmjs.org/mongdb
19 verbose headers { 'content-type': 'application/json',
19 verbose headers   'cache-control': 'max-age=0',
19 verbose headers   'content-length': '2',
19 verbose headers   'accept-ranges': 'bytes',
19 verbose headers   date: 'Wed, 30 Sep 2015 17:25:14 GMT',
19 verbose headers   via: '1.1 varnish',
19 verbose headers   age: '0',
19 verbose headers   connection: 'keep-alive',
19 verbose headers   'x-served-by': 'cache-ord1726-ORD',
19 verbose headers   'x-cache': 'MISS',
19 verbose headers   'x-cache-hits': '0',
19 verbose headers   'x-timer': 'S1443633914.355009,VS0,VE77' }
20 silly get cb [ 404,
20 silly get   { 'content-type': 'application/json',
20 silly get     'cache-control': 'max-age=0',
20 silly get     'content-length': '2',
20 silly get     'accept-ranges': 'bytes',
20 silly get     date: 'Wed, 30 Sep 2015 17:25:14 GMT',
20 silly get     via: '1.1 varnish',
20 silly get     age: '0',
20 silly get     connection: 'keep-alive',
20 silly get     'x-served-by': 'cache-ord1726-ORD',
20 silly get     'x-cache': 'MISS',
20 silly get     'x-cache-hits': '0',
20 silly get     'x-timer': 'S1443633914.355009,VS0,VE77' } ]
21 silly fetchPackageMetaData Error: Registry returned 404 for GET on https://registry.npmjs.org/mongdb
21 silly fetchPackageMetaData     at makeError (/home/ubuntu/.nvm/v0.10.35/lib/node_modules/npm/node_modules/npm-registry-client/lib/request.js:263:12)
21 silly fetchPackageMetaData     at CachingRegistryClient.<anonymous> (/home/ubuntu/.nvm/v0.10.35/lib/node_modules/npm/node_modules/npm-registry-client/lib/request.js:241:14)
21 silly fetchPackageMetaData     at Request._callback (/home/ubuntu/.nvm/v0.10.35/lib/node_modules/npm/node_modules/npm-registry-client/lib/request.js:171:14)
21 silly fetchPackageMetaData     at Request.self.callback (/home/ubuntu/.nvm/v0.10.35/lib/node_modules/npm/node_modules/request/request.js:198:22)
21 silly fetchPackageMetaData     at Request.emit (events.js:98:17)
21 silly fetchPackageMetaData     at Request.<anonymous> (/home/ubuntu/.nvm/v0.10.35/lib/node_modules/npm/node_modules/request/request.js:1073:14)
21 silly fetchPackageMetaData     at Request.emit (events.js:117:20)
21 silly fetchPackageMetaData     at IncomingMessage.<anonymous> (/home/ubuntu/.nvm/v0.10.35/lib/node_modules/npm/node_modules/request/request.js:1019:12)
21 silly fetchPackageMetaData     at IncomingMessage.emit (events.js:117:20)
21 silly fetchPackageMetaData     at _stream_readable.js:944:16
21 silly fetchPackageMetaData  error for mongdb { [Error: Registry returned 404 for GET on https://registry.npmjs.org/mongdb] pkgid: 'mongdb', statusCode: 404, code: 'E404' }
22 silly rollbackFailedOptional Starting
23 silly rollbackFailedOptional Finishing
24 silly runTopLevelLifecycles Starting
25 silly runTopLevelLifecycles Finishing
26 silly install printInstalled
27 verbose stack Error: Registry returned 404 for GET on https://registry.npmjs.org/mongdb
27 verbose stack     at makeError (/home/ubuntu/.nvm/v0.10.35/lib/node_modules/npm/node_modules/npm-registry-client/lib/request.js:263:12)
27 verbose stack     at CachingRegistryClient.<anonymous> (/home/ubuntu/.nvm/v0.10.35/lib/node_modules/npm/node_modules/npm-registry-client/lib/request.js:241:14)
27 verbose stack     at Request._callback (/home/ubuntu/.nvm/v0.10.35/lib/node_modules/npm/node_modules/npm-registry-client/lib/request.js:171:14)
27 verbose stack     at Request.self.callback (/home/ubuntu/.nvm/v0.10.35/lib/node_modules/npm/node_modules/request/request.js:198:22)
27 verbose stack     at Request.emit (events.js:98:17)
27 verbose stack     at Request.<anonymous> (/home/ubuntu/.nvm/v0.10.35/lib/node_modules/npm/node_modules/request/request.js:1073:14)
27 verbose stack     at Request.emit (events.js:117:20)
27 verbose stack     at IncomingMessage.<anonymous> (/home/ubuntu/.nvm/v0.10.35/lib/node_modules/npm/node_modules/request/request.js:1019:12)
27 verbose stack     at IncomingMessage.emit (events.js:117:20)
27 verbose stack     at _stream_readable.js:944:16
28 verbose statusCode 404
29 verbose pkgid mongdb
30 verbose cwd /home/ubuntu/workspace/mongo
31 error Linux 3.14.13-c9
32 error argv "node" "/home/ubuntu/.nvm/v0.10.35/bin/npm" "install" "mongdb"
33 error node v0.10.35
34 error npm  v3.3.3
35 error code E404
36 error 404 Registry returned 404 for GET on https://registry.npmjs.org/mongdb
36 error 404
36 error 404 'mongdb' is not in the npm registry.
36 error 404 You should bug the author to publish it (or use the name yourself!)
36 error 404
36 error 404 Note that you can also install from a
36 error 404 tarball, folder, http url, or git url.
37 verbose exit [ 1, true ]
